
> starter@1.0.0 e2e:base /Users/jiweiye/Desktop/mocking
> mocha --opts e2e/mocha.opts e2e/*.spec.js "--reporter" "xunit"

<testsuite name="Mocha Tests" tests="3" failures="0" errors="0" skipped="0" timestamp="Fri, 07 Oct 2016 03:59:24 GMT" time="9.173">
<testcase classname="Test Dummy Server Example Page" name="should log in as the test user" time="0.536"/>
<testcase classname="Test Dummy Server Example Page" name="Update the headline and verify the change" time="3.257"/>
<testcase classname="shutdown" name="now" time="0.11"/>
</testsuite>
